0 info it worked if it ends with ok
1 verbose cli [ 'node', '/usr/local/bin/npm', 'install', 'grunt' ]
2 info using npm@1.3.2
3 info using node@v0.10.13
4 verbose cache add [ 'grunt', null ]
5 verbose cache add name=undefined spec="grunt" args=["grunt",null]
6 verbose parsed url { protocol: null,
6 verbose parsed url   slashes: null,
6 verbose parsed url   auth: null,
6 verbose parsed url   host: null,
6 verbose parsed url   port: null,
6 verbose parsed url   hostname: null,
6 verbose parsed url   hash: null,
6 verbose parsed url   search: null,
6 verbose parsed url   query: null,
6 verbose parsed url   pathname: 'grunt',
6 verbose parsed url   path: 'grunt',
6 verbose parsed url   href: 'grunt' }
7 silly lockFile 20ff3fd8-grunt grunt
8 verbose lock grunt /Users/richardchatwin/.npm/20ff3fd8-grunt.lock
9 silly lockFile 20ff3fd8-grunt grunt
10 verbose addNamed [ 'grunt', '' ]
11 verbose addNamed [ null, '*' ]
12 silly lockFile 55f1ff24-grunt grunt@
13 verbose lock grunt@ /Users/richardchatwin/.npm/55f1ff24-grunt.lock
14 silly lockFile 55f1ff24-grunt grunt@
15 error Error: EACCES, open '/Users/richardchatwin/.npm/55f1ff24-grunt.lock'
15 error  { [Error: EACCES, open '/Users/richardchatwin/.npm/55f1ff24-grunt.lock']
15 error   errno: 3,
15 error   code: 'EACCES',
15 error   path: '/Users/richardchatwin/.npm/55f1ff24-grunt.lock' }
16 error Please try running this command again as root/Administrator.
17 error System Darwin 12.4.0
18 error command "node" "/usr/local/bin/npm" "install" "grunt"
19 error cwd /Users/richardchatwin/a-race-to-publish
20 error node -v v0.10.13
21 error npm -v 1.3.2
22 error path /Users/richardchatwin/.npm/55f1ff24-grunt.lock
23 error code EACCES
24 error errno 3
25 error stack Error: EACCES, open '/Users/richardchatwin/.npm/55f1ff24-grunt.lock'
26 verbose exit [ 3, true ]
